<?xml version="1.0" encoding="UTF-8"?>
<testsuite xmlns:xsi="http://www.w3.org/2001/XMLSchema-instance" xsi:noNamespaceSchemaLocation="https://maven.apache.org/surefire/maven-surefire-plugin/xsd/surefire-test-report.xsd" name="com.wly.eurekaserver.EurekaServerApplicationTests" time="5.456" tests="1" errors="0" skipped="0" failures="0">
  <properties>
    <property name="java.specification.version" value="17"/>
    <property name="sun.cpu.isalist" value="amd64"/>
    <property name="sun.jnu.encoding" value="GBK"/>
    <property name="java.class.path" value="D:\Workspace\JavaProject\SpringCloud_Learn\eureka\eureka-server\target\test-classes;D:\Workspace\JavaProject\SpringCloud_Learn\eureka\eureka-server\target\classes;D:\Environments\Maven\apache-maven-3.9.4\maven_repository\org\springframework\cloud\spring-cloud-starter-netflix-eureka-server\3.1.7\spring-cloud-starter-netflix-eureka-server-3.1.7.jar;D:\Environments\Maven\apache-maven-3.9.4\maven_repository\org\springframework\cloud\spring-cloud-starter\3.1.7\spring-cloud-starter-3.1.7.jar;D:\Environments\Maven\apache-maven-3.9.4\maven_repository\org\springframework\cloud\spring-cloud-context\3.1.7\spring-cloud-context-3.1.7.jar;D:\Environments\Maven\apache-maven-3.9.4\maven_repository\org\springframework\security\spring-security-crypto\5.7.9\spring-security-crypto-5.7.9.jar;D:\Environments\Maven\apache-maven-3.9.4\maven_repository\org\springframework\cloud\spring-cloud-commons\3.1.7\spring-cloud-commons-3.1.7.jar;D:\Environments\Maven\apache-maven-3.9.4\maven_repository\org\springframework\security\spring-security-rsa\1.0.11.RELEASE\spring-security-rsa-1.0.11.RELEASE.jar;D:\Environments\Maven\apache-maven-3.9.4\maven_repository\org\bouncycastle\bcpkix-jdk15on\1.69\bcpkix-jdk15on-1.69.jar;D:\Environments\Maven\apache-maven-3.9.4\maven_repository\org\bouncycastle\bcprov-jdk15on\1.69\bcprov-jdk15on-1.69.jar;D:\Environments\Maven\apache-maven-3.9.4\maven_repository\org\bouncycastle\bcutil-jdk15on\1.69\bcutil-jdk15on-1.69.jar;D:\Environments\Maven\apache-maven-3.9.4\maven_repository\org\springframework\cloud\spring-cloud-netflix-eureka-server\3.1.7\spring-cloud-netflix-eureka-server-3.1.7.jar;D:\Environments\Maven\apache-maven-3.9.4\maven_repository\org\springframework\boot\spring-boot-starter-web\2.7.13\spring-boot-starter-web-2.7.13.jar;D:\Environments\Maven\apache-maven-3.9.4\maven_repository\org\springframework\boot\spring-boot-starter-json\2.7.13\spring-boot-starter-json-2.7.13.jar;D:\Environments\Maven\apache-maven-3.9.4\maven_repository\com\fasterxml\jackson\datatype\jackson-datatype-jdk8\2.13.5\jackson-datatype-jdk8-2.13.5.jar;D:\Environments\Maven\apache-maven-3.9.4\maven_repository\com\fasterxml\jackson\datatype\jackson-datatype-jsr310\2.13.5\jackson-datatype-jsr310-2.13.5.jar;D:\Environments\Maven\apache-maven-3.9.4\maven_repository\com\fasterxml\jackson\module\jackson-module-parameter-names\2.13.5\jackson-module-parameter-names-2.13.5.jar;D:\Environments\Maven\apache-maven-3.9.4\maven_repository\org\springframework\boot\spring-boot-starter-tomcat\2.7.13\spring-boot-starter-tomcat-2.7.13.jar;D:\Environments\Maven\apache-maven-3.9.4\maven_repository\org\apache\tomcat\embed\tomcat-embed-core\9.0.76\tomcat-embed-core-9.0.76.jar;D:\Environments\Maven\apache-maven-3.9.4\maven_repository\org\apache\tomcat\embed\tomcat-embed-el\9.0.76\tomcat-embed-el-9.0.76.jar;D:\Environments\Maven\apache-maven-3.9.4\maven_repository\org\apache\tomcat\embed\tomcat-embed-websocket\9.0.76\tomcat-embed-websocket-9.0.76.jar;D:\Environments\Maven\apache-maven-3.9.4\maven_repository\org\springframework\spring-web\5.3.28\spring-web-5.3.28.jar;D:\Environments\Maven\apache-maven-3.9.4\maven_repository\org\springframework\spring-beans\5.3.28\spring-beans-5.3.28.jar;D:\Environments\Maven\apache-maven-3.9.4\maven_repository\org\springframework\spring-webmvc\5.3.28\spring-webmvc-5.3.28.jar;D:\Environments\Maven\apache-maven-3.9.4\maven_repository\org\springframework\spring-aop\5.3.28\spring-aop-5.3.28.jar;D:\Environments\Maven\apache-maven-3.9.4\maven_repository\org\springframework\spring-expression\5.3.28\spring-expression-5.3.28.jar;D:\Environments\Maven\apache-maven-3.9.4\maven_repository\org\springframework\boot\spring-boot-starter-actuator\2.7.13\spring-boot-starter-actuator-2.7.13.jar;D:\Environments\Maven\apache-maven-3.9.4\maven_repository\org\springframework\boot\spring-boot-actuator-autoconfigure\2.7.13\spring-boot-actuator-autoconfigure-2.7.13.jar;D:\Environments\Maven\apache-maven-3.9.4\maven_repository\org\springframework\boot\spring-boot-actuator\2.7.13\spring-boot-actuator-2.7.13.jar;D:\Environments\Maven\apache-maven-3.9.4\maven_repository\io\micrometer\micrometer-core\1.9.12\micrometer-core-1.9.12.jar;D:\Environments\Maven\apache-maven-3.9.4\maven_repository\org\hdrhistogram\HdrHistogram\2.1.12\HdrHistogram-2.1.12.jar;D:\Environments\Maven\apache-maven-3.9.4\maven_repository\org\latencyutils\LatencyUtils\2.0.3\LatencyUtils-2.0.3.jar;D:\Environments\Maven\apache-maven-3.9.4\maven_repository\org\springframework\boot\spring-boot-starter-freemarker\2.7.13\spring-boot-starter-freemarker-2.7.13.jar;D:\Environments\Maven\apache-maven-3.9.4\maven_repository\org\freemarker\freemarker\2.3.32\freemarker-2.3.32.jar;D:\Environments\Maven\apache-maven-3.9.4\maven_repository\org\springframework\spring-context-support\5.3.28\spring-context-support-5.3.28.jar;D:\Environments\Maven\apache-maven-3.9.4\maven_repository\org\springframework\cloud\spring-cloud-netflix-eureka-client\3.1.7\spring-cloud-netflix-eureka-client-3.1.7.jar;D:\Environments\Maven\apache-maven-3.9.4\maven_repository\com\netflix\eureka\eureka-client\1.10.17\eureka-client-1.10.17.jar;D:\Environments\Maven\apache-maven-3.9.4\maven_repository\com\netflix\netflix-commons\netflix-eventbus\0.3.0\netflix-eventbus-0.3.0.jar;D:\Environments\Maven\apache-maven-3.9.4\maven_repository\com\netflix\netflix-commons\netflix-infix\0.3.0\netflix-infix-0.3.0.jar;D:\Environments\Maven\apache-maven-3.9.4\maven_repository\commons-jxpath\commons-jxpath\1.3\commons-jxpath-1.3.jar;D:\Environments\Maven\apache-maven-3.9.4\maven_repository\joda-time\joda-time\2.3\joda-time-2.3.jar;D:\Environments\Maven\apache-maven-3.9.4\maven_repository\org\antlr\antlr-runtime\3.4\antlr-runtime-3.4.jar;D:\Environments\Maven\apache-maven-3.9.4\maven_repository\org\antlr\stringtemplate\3.2.1\stringtemplate-3.2.1.jar;D:\Environments\Maven\apache-maven-3.9.4\maven_repository\antlr\antlr\2.7.7\antlr-2.7.7.jar;D:\Environments\Maven\apache-maven-3.9.4\maven_repository\com\google\code\gson\gson\2.9.1\gson-2.9.1.jar;D:\Environments\Maven\apache-maven-3.9.4\maven_repository\org\apache\commons\commons-math\2.2\commons-math-2.2.jar;D:\Environments\Maven\apache-maven-3.9.4\maven_repository\com\thoughtworks\xstream\xstream\1.4.18\xstream-1.4.18.jar;D:\Environments\Maven\apache-maven-3.9.4\maven_repository\io\github\x-stream\mxparser\1.2.2\mxparser-1.2.2.jar;D:\Environments\Maven\apache-maven-3.9.4\maven_repository\xmlpull\xmlpull\1.1.3.1\xmlpull-1.1.3.1.jar;D:\Environments\Maven\apache-maven-3.9.4\maven_repository\javax\ws\rs\jsr311-api\1.1.1\jsr311-api-1.1.1.jar;D:\Environments\Maven\apache-maven-3.9.4\maven_repository\com\netflix\servo\servo-core\0.12.21\servo-core-0.12.21.jar;D:\Environments\Maven\apache-maven-3.9.4\maven_repository\com\google\guava\guava\19.0\guava-19.0.jar;D:\Environments\Maven\apache-maven-3.9.4\maven_repository\com\sun\jersey\jersey-core\1.19.1\jersey-core-1.19.1.jar;D:\Environments\Maven\apache-maven-3.9.4\maven_repository\com\sun\jersey\contribs\jersey-apache-client4\1.19.1\jersey-apache-client4-1.19.1.jar;D:\Environments\Maven\apache-maven-3.9.4\maven_repository\org\apache\httpcomponents\httpclient\4.5.14\httpclient-4.5.14.jar;D:\Environments\Maven\apache-maven-3.9.4\maven_repository\org\apache\httpcomponents\httpcore\4.4.16\httpcore-4.4.16.jar;D:\Environments\Maven\apache-maven-3.9.4\maven_repository\commons-codec\commons-codec\1.15\commons-codec-1.15.jar;D:\Environments\Maven\apache-maven-3.9.4\maven_repository\commons-configuration\commons-configuration\1.10\commons-configuration-1.10.jar;D:\Environments\Maven\apache-maven-3.9.4\maven_repository\commons-lang\commons-lang\2.6\commons-lang-2.6.jar;D:\Environments\Maven\apache-maven-3.9.4\maven_repository\com\google\inject\guice\4.1.0\guice-4.1.0.jar;D:\Environments\Maven\apache-maven-3.9.4\maven_repository\com\fasterxml\jackson\core\jackson-annotations\2.13.5\jackson-annotations-2.13.5.jar;D:\Environments\Maven\apache-maven-3.9.4\maven_repository\com\fasterxml\jackson\core\jackson-core\2.13.5\jackson-core-2.13.5.jar;D:\Environments\Maven\apache-maven-3.9.4\maven_repository\com\fasterxml\jackson\core\jackson-databind\2.13.5\jackson-databind-2.13.5.jar;D:\Environments\Maven\apache-maven-3.9.4\maven_repository\org\codehaus\jettison\jettison\1.4.0\jettison-1.4.0.jar;D:\Environments\Maven\apache-maven-3.9.4\maven_repository\com\sun\jersey\jersey-servlet\1.19.4\jersey-servlet-1.19.4.jar;D:\Environments\Maven\apache-maven-3.9.4\maven_repository\com\sun\jersey\jersey-server\1.19.4\jersey-server-1.19.4.jar;D:\Environments\Maven\apache-maven-3.9.4\maven_repository\com\sun\jersey\jersey-client\1.19.4\jersey-client-1.19.4.jar;D:\Environments\Maven\apache-maven-3.9.4\maven_repository\com\netflix\eureka\eureka-core\1.10.17\eureka-core-1.10.17.jar;D:\Environments\Maven\apache-maven-3.9.4\maven_repository\com\fasterxml\woodstox\woodstox-core\6.2.1\woodstox-core-6.2.1.jar;D:\Environments\Maven\apache-maven-3.9.4\maven_repository\javax\inject\javax.inject\1\javax.inject-1.jar;D:\Environments\Maven\apache-maven-3.9.4\maven_repository\com\fasterxml\jackson\dataformat\jackson-dataformat-xml\2.13.5\jackson-dataformat-xml-2.13.5.jar;D:\Environments\Maven\apache-maven-3.9.4\maven_repository\org\codehaus\woodstox\stax2-api\4.2.1\stax2-api-4.2.1.jar;D:\Environments\Maven\apache-maven-3.9.4\maven_repository\org\springframework\cloud\spring-cloud-starter-loadbalancer\3.1.7\spring-cloud-starter-loadbalancer-3.1.7.jar;D:\Environments\Maven\apache-maven-3.9.4\maven_repository\org\springframework\cloud\spring-cloud-loadbalancer\3.1.7\spring-cloud-loadbalancer-3.1.7.jar;D:\Environments\Maven\apache-maven-3.9.4\maven_repository\io\projectreactor\reactor-core\3.4.30\reactor-core-3.4.30.jar;D:\Environments\Maven\apache-maven-3.9.4\maven_repository\org\reactivestreams\reactive-streams\1.0.4\reactive-streams-1.0.4.jar;D:\Environments\Maven\apache-maven-3.9.4\maven_repository\io\projectreactor\addons\reactor-extra\3.4.10\reactor-extra-3.4.10.jar;D:\Environments\Maven\apache-maven-3.9.4\maven_repository\org\springframework\boot\spring-boot-starter-cache\2.7.13\spring-boot-starter-cache-2.7.13.jar;D:\Environments\Maven\apache-maven-3.9.4\maven_repository\com\stoyanr\evictor\1.0.0\evictor-1.0.0.jar;D:\Environments\Maven\apache-maven-3.9.4\maven_repository\org\glassfish\jaxb\jaxb-runtime\2.3.8\jaxb-runtime-2.3.8.jar;D:\Environments\Maven\apache-maven-3.9.4\maven_repository\org\glassfish\jaxb\txw2\2.3.8\txw2-2.3.8.jar;D:\Environments\Maven\apache-maven-3.9.4\maven_repository\com\sun\istack\istack-commons-runtime\3.0.12\istack-commons-runtime-3.0.12.jar;D:\Environments\Maven\apache-maven-3.9.4\maven_repository\com\sun\activation\jakarta.activation\1.2.2\jakarta.activation-1.2.2.jar;D:\Environments\Maven\apache-maven-3.9.4\maven_repository\org\springframework\boot\spring-boot-starter-test\2.7.13\spring-boot-starter-test-2.7.13.jar;D:\Environments\Maven\apache-maven-3.9.4\maven_repository\org\springframework\boot\spring-boot-starter\2.7.13\spring-boot-starter-2.7.13.jar;D:\Environments\Maven\apache-maven-3.9.4\maven_repository\org\springframework\boot\spring-boot\2.7.13\spring-boot-2.7.13.jar;D:\Environments\Maven\apache-maven-3.9.4\maven_repository\org\springframework\spring-context\5.3.28\spring-context-5.3.28.jar;D:\Environments\Maven\apache-maven-3.9.4\maven_repository\org\springframework\boot\spring-boot-autoconfigure\2.7.13\spring-boot-autoconfigure-2.7.13.jar;D:\Environments\Maven\apache-maven-3.9.4\maven_repository\org\springframework\boot\spring-boot-starter-logging\2.7.13\spring-boot-starter-logging-2.7.13.jar;D:\Environments\Maven\apache-maven-3.9.4\maven_repository\ch\qos\logback\logback-classic\1.2.12\logback-classic-1.2.12.jar;D:\Environments\Maven\apache-maven-3.9.4\maven_repository\ch\qos\logback\logback-core\1.2.12\logback-core-1.2.12.jar;D:\Environments\Maven\apache-maven-3.9.4\maven_repository\org\apache\logging\log4j\log4j-to-slf4j\2.17.2\log4j-to-slf4j-2.17.2.jar;D:\Environments\Maven\apache-maven-3.9.4\maven_repository\org\apache\logging\log4j\log4j-api\2.17.2\log4j-api-2.17.2.jar;D:\Environments\Maven\apache-maven-3.9.4\maven_repository\org\slf4j\jul-to-slf4j\1.7.36\jul-to-slf4j-1.7.36.jar;D:\Environments\Maven\apache-maven-3.9.4\maven_repository\jakarta\annotation\jakarta.annotation-api\1.3.5\jakarta.annotation-api-1.3.5.jar;D:\Environments\Maven\apache-maven-3.9.4\maven_repository\org\yaml\snakeyaml\1.30\snakeyaml-1.30.jar;D:\Environments\Maven\apache-maven-3.9.4\maven_repository\org\springframework\boot\spring-boot-test\2.7.13\spring-boot-test-2.7.13.jar;D:\Environments\Maven\apache-maven-3.9.4\maven_repository\org\springframework\boot\spring-boot-test-autoconfigure\2.7.13\spring-boot-test-autoconfigure-2.7.13.jar;D:\Environments\Maven\apache-maven-3.9.4\maven_repository\com\jayway\jsonpath\json-path\2.7.0\json-path-2.7.0.jar;D:\Environments\Maven\apache-maven-3.9.4\maven_repository\net\minidev\json-smart\2.4.11\json-smart-2.4.11.jar;D:\Environments\Maven\apache-maven-3.9.4\maven_repository\net\minidev\accessors-smart\2.4.11\accessors-smart-2.4.11.jar;D:\Environments\Maven\apache-maven-3.9.4\maven_repository\org\ow2\asm\asm\9.3\asm-9.3.jar;D:\Environments\Maven\apache-maven-3.9.4\maven_repository\org\slf4j\slf4j-api\1.7.36\slf4j-api-1.7.36.jar;D:\Environments\Maven\apache-maven-3.9.4\maven_repository\jakarta\xml\bind\jakarta.xml.bind-api\2.3.3\jakarta.xml.bind-api-2.3.3.jar;D:\Environments\Maven\apache-maven-3.9.4\maven_repository\jakarta\activation\jakarta.activation-api\1.2.2\jakarta.activation-api-1.2.2.jar;D:\Environments\Maven\apache-maven-3.9.4\maven_repository\org\assertj\assertj-core\3.22.0\assertj-core-3.22.0.jar;D:\Environments\Maven\apache-maven-3.9.4\maven_repository\org\hamcrest\hamcrest\2.2\hamcrest-2.2.jar;D:\Environments\Maven\apache-maven-3.9.4\maven_repository\org\junit\jupiter\junit-jupiter\5.8.2\junit-jupiter-5.8.2.jar;D:\Environments\Maven\apache-maven-3.9.4\maven_repository\org\junit\jupiter\junit-jupiter-api\5.8.2\junit-jupiter-api-5.8.2.jar;D:\Environments\Maven\apache-maven-3.9.4\maven_repository\org\opentest4j\opentest4j\1.2.0\opentest4j-1.2.0.jar;D:\Environments\Maven\apache-maven-3.9.4\maven_repository\org\junit\platform\junit-platform-commons\1.8.2\junit-platform-commons-1.8.2.jar;D:\Environments\Maven\apache-maven-3.9.4\maven_repository\org\apiguardian\apiguardian-api\1.1.2\apiguardian-api-1.1.2.jar;D:\Environments\Maven\apache-maven-3.9.4\maven_repository\org\junit\jupiter\junit-jupiter-params\5.8.2\junit-jupiter-params-5.8.2.jar;D:\Environments\Maven\apache-maven-3.9.4\maven_repository\org\junit\jupiter\junit-jupiter-engine\5.8.2\junit-jupiter-engine-5.8.2.jar;D:\Environments\Maven\apache-maven-3.9.4\maven_repository\org\junit\platform\junit-platform-engine\1.8.2\junit-platform-engine-1.8.2.jar;D:\Environments\Maven\apache-maven-3.9.4\maven_repository\org\mockito\mockito-core\4.5.1\mockito-core-4.5.1.jar;D:\Environments\Maven\apache-maven-3.9.4\maven_repository\net\bytebuddy\byte-buddy\1.12.23\byte-buddy-1.12.23.jar;D:\Environments\Maven\apache-maven-3.9.4\maven_repository\net\bytebuddy\byte-buddy-agent\1.12.23\byte-buddy-agent-1.12.23.jar;D:\Environments\Maven\apache-maven-3.9.4\maven_repository\org\objenesis\objenesis\3.2\objenesis-3.2.jar;D:\Environments\Maven\apache-maven-3.9.4\maven_repository\org\mockito\mockito-junit-jupiter\4.5.1\mockito-junit-jupiter-4.5.1.jar;D:\Environments\Maven\apache-maven-3.9.4\maven_repository\org\skyscreamer\jsonassert\1.5.1\jsonassert-1.5.1.jar;D:\Environments\Maven\apache-maven-3.9.4\maven_repository\com\vaadin\external\google\android-json\0.0.20131108.vaadin1\android-json-0.0.20131108.vaadin1.jar;D:\Environments\Maven\apache-maven-3.9.4\maven_repository\org\springframework\spring-core\5.3.28\spring-core-5.3.28.jar;D:\Environments\Maven\apache-maven-3.9.4\maven_repository\org\springframework\spring-jcl\5.3.28\spring-jcl-5.3.28.jar;D:\Environments\Maven\apache-maven-3.9.4\maven_repository\org\springframework\spring-test\5.3.28\spring-test-5.3.28.jar;D:\Environments\Maven\apache-maven-3.9.4\maven_repository\org\xmlunit\xmlunit-core\2.9.1\xmlunit-core-2.9.1.jar;"/>
    <property name="java.vm.vendor" value="Azul Systems, Inc."/>
    <property name="sun.arch.data.model" value="64"/>
    <property name="user.variant" value=""/>
    <property name="java.vendor.url" value="http://www.azul.com/"/>
    <property name="user.timezone" value="Asia/Shanghai"/>
    <property name="os.name" value="Windows 11"/>
    <property name="java.vm.specification.version" value="17"/>
    <property name="sun.java.launcher" value="SUN_STANDARD"/>
    <property name="user.country" value="CN"/>
    <property name="sun.boot.library.path" value="D:\Environments\Java\jdk17\bin"/>
    <property name="sun.java.command" value="D:\temp\surefire17581776047758225755\surefirebooter4793501680223508863.jar D:\temp\surefire17581776047758225755 2023-11-06T22-58-02_562-jvmRun1 surefire4167292822665258448tmp surefire_04188939746373532193tmp"/>
    <property name="jdk.debug" value="release"/>
    <property name="surefire.test.class.path" value="D:\Workspace\JavaProject\SpringCloud_Learn\eureka\eureka-server\target\test-classes;D:\Workspace\JavaProject\SpringCloud_Learn\eureka\eureka-server\target\classes;D:\Environments\Maven\apache-maven-3.9.4\maven_repository\org\springframework\cloud\spring-cloud-starter-netflix-eureka-server\3.1.7\spring-cloud-starter-netflix-eureka-server-3.1.7.jar;D:\Environments\Maven\apache-maven-3.9.4\maven_repository\org\springframework\cloud\spring-cloud-starter\3.1.7\spring-cloud-starter-3.1.7.jar;D:\Environments\Maven\apache-maven-3.9.4\maven_repository\org\springframework\cloud\spring-cloud-context\3.1.7\spring-cloud-context-3.1.7.jar;D:\Environments\Maven\apache-maven-3.9.4\maven_repository\org\springframework\security\spring-security-crypto\5.7.9\spring-security-crypto-5.7.9.jar;D:\Environments\Maven\apache-maven-3.9.4\maven_repository\org\springframework\cloud\spring-cloud-commons\3.1.7\spring-cloud-commons-3.1.7.jar;D:\Environments\Maven\apache-maven-3.9.4\maven_repository\org\springframework\security\spring-security-rsa\1.0.11.RELEASE\spring-security-rsa-1.0.11.RELEASE.jar;D:\Environments\Maven\apache-maven-3.9.4\maven_repository\org\bouncycastle\bcpkix-jdk15on\1.69\bcpkix-jdk15on-1.69.jar;D:\Environments\Maven\apache-maven-3.9.4\maven_repository\org\bouncycastle\bcprov-jdk15on\1.69\bcprov-jdk15on-1.69.jar;D:\Environments\Maven\apache-maven-3.9.4\maven_repository\org\bouncycastle\bcutil-jdk15on\1.69\bcutil-jdk15on-1.69.jar;D:\Environments\Maven\apache-maven-3.9.4\maven_repository\org\springframework\cloud\spring-cloud-netflix-eureka-server\3.1.7\spring-cloud-netflix-eureka-server-3.1.7.jar;D:\Environments\Maven\apache-maven-3.9.4\maven_repository\org\springframework\boot\spring-boot-starter-web\2.7.13\spring-boot-starter-web-2.7.13.jar;D:\Environments\Maven\apache-maven-3.9.4\maven_repository\org\springframework\boot\spring-boot-starter-json\2.7.13\spring-boot-starter-json-2.7.13.jar;D:\Environments\Maven\apache-maven-3.9.4\maven_repository\com\fasterxml\jackson\datatype\jackson-datatype-jdk8\2.13.5\jackson-datatype-jdk8-2.13.5.jar;D:\Environments\Maven\apache-maven-3.9.4\maven_repository\com\fasterxml\jackson\datatype\jackson-datatype-jsr310\2.13.5\jackson-datatype-jsr310-2.13.5.jar;D:\Environments\Maven\apache-maven-3.9.4\maven_repository\com\fasterxml\jackson\module\jackson-module-parameter-names\2.13.5\jackson-module-parameter-names-2.13.5.jar;D:\Environments\Maven\apache-maven-3.9.4\maven_repository\org\springframework\boot\spring-boot-starter-tomcat\2.7.13\spring-boot-starter-tomcat-2.7.13.jar;D:\Environments\Maven\apache-maven-3.9.4\maven_repository\org\apache\tomcat\embed\tomcat-embed-core\9.0.76\tomcat-embed-core-9.0.76.jar;D:\Environments\Maven\apache-maven-3.9.4\maven_repository\org\apache\tomcat\embed\tomcat-embed-el\9.0.76\tomcat-embed-el-9.0.76.jar;D:\Environments\Maven\apache-maven-3.9.4\maven_repository\org\apache\tomcat\embed\tomcat-embed-websocket\9.0.76\tomcat-embed-websocket-9.0.76.jar;D:\Environments\Maven\apache-maven-3.9.4\maven_repository\org\springframework\spring-web\5.3.28\spring-web-5.3.28.jar;D:\Environments\Maven\apache-maven-3.9.4\maven_repository\org\springframework\spring-beans\5.3.28\spring-beans-5.3.28.jar;D:\Environments\Maven\apache-maven-3.9.4\maven_repository\org\springframework\spring-webmvc\5.3.28\spring-webmvc-5.3.28.jar;D:\Environments\Maven\apache-maven-3.9.4\maven_repository\org\springframework\spring-aop\5.3.28\spring-aop-5.3.28.jar;D:\Environments\Maven\apache-maven-3.9.4\maven_repository\org\springframework\spring-expression\5.3.28\spring-expression-5.3.28.jar;D:\Environments\Maven\apache-maven-3.9.4\maven_repository\org\springframework\boot\spring-boot-starter-actuator\2.7.13\spring-boot-starter-actuator-2.7.13.jar;D:\Environments\Maven\apache-maven-3.9.4\maven_repository\org\springframework\boot\spring-boot-actuator-autoconfigure\2.7.13\spring-boot-actuator-autoconfigure-2.7.13.jar;D:\Environments\Maven\apache-maven-3.9.4\maven_repository\org\springframework\boot\spring-boot-actuator\2.7.13\spring-boot-actuator-2.7.13.jar;D:\Environments\Maven\apache-maven-3.9.4\maven_repository\io\micrometer\micrometer-core\1.9.12\micrometer-core-1.9.12.jar;D:\Environments\Maven\apache-maven-3.9.4\maven_repository\org\hdrhistogram\HdrHistogram\2.1.12\HdrHistogram-2.1.12.jar;D:\Environments\Maven\apache-maven-3.9.4\maven_repository\org\latencyutils\LatencyUtils\2.0.3\LatencyUtils-2.0.3.jar;D:\Environments\Maven\apache-maven-3.9.4\maven_repository\org\springframework\boot\spring-boot-starter-freemarker\2.7.13\spring-boot-starter-freemarker-2.7.13.jar;D:\Environments\Maven\apache-maven-3.9.4\maven_repository\org\freemarker\freemarker\2.3.32\freemarker-2.3.32.jar;D:\Environments\Maven\apache-maven-3.9.4\maven_repository\org\springframework\spring-context-support\5.3.28\spring-context-support-5.3.28.jar;D:\Environments\Maven\apache-maven-3.9.4\maven_repository\org\springframework\cloud\spring-cloud-netflix-eureka-client\3.1.7\spring-cloud-netflix-eureka-client-3.1.7.jar;D:\Environments\Maven\apache-maven-3.9.4\maven_repository\com\netflix\eureka\eureka-client\1.10.17\eureka-client-1.10.17.jar;D:\Environments\Maven\apache-maven-3.9.4\maven_repository\com\netflix\netflix-commons\netflix-eventbus\0.3.0\netflix-eventbus-0.3.0.jar;D:\Environments\Maven\apache-maven-3.9.4\maven_repository\com\netflix\netflix-commons\netflix-infix\0.3.0\netflix-infix-0.3.0.jar;D:\Environments\Maven\apache-maven-3.9.4\maven_repository\commons-jxpath\commons-jxpath\1.3\commons-jxpath-1.3.jar;D:\Environments\Maven\apache-maven-3.9.4\maven_repository\joda-time\joda-time\2.3\joda-time-2.3.jar;D:\Environments\Maven\apache-maven-3.9.4\maven_repository\org\antlr\antlr-runtime\3.4\antlr-runtime-3.4.jar;D:\Environments\Maven\apache-maven-3.9.4\maven_repository\org\antlr\stringtemplate\3.2.1\stringtemplate-3.2.1.jar;D:\Environments\Maven\apache-maven-3.9.4\maven_repository\antlr\antlr\2.7.7\antlr-2.7.7.jar;D:\Environments\Maven\apache-maven-3.9.4\maven_repository\com\google\code\gson\gson\2.9.1\gson-2.9.1.jar;D:\Environments\Maven\apache-maven-3.9.4\maven_repository\org\apache\commons\commons-math\2.2\commons-math-2.2.jar;D:\Environments\Maven\apache-maven-3.9.4\maven_repository\com\thoughtworks\xstream\xstream\1.4.18\xstream-1.4.18.jar;D:\Environments\Maven\apache-maven-3.9.4\maven_repository\io\github\x-stream\mxparser\1.2.2\mxparser-1.2.2.jar;D:\Environments\Maven\apache-maven-3.9.4\maven_repository\xmlpull\xmlpull\1.1.3.1\xmlpull-1.1.3.1.jar;D:\Environments\Maven\apache-maven-3.9.4\maven_repository\javax\ws\rs\jsr311-api\1.1.1\jsr311-api-1.1.1.jar;D:\Environments\Maven\apache-maven-3.9.4\maven_repository\com\netflix\servo\servo-core\0.12.21\servo-core-0.12.21.jar;D:\Environments\Maven\apache-maven-3.9.4\maven_repository\com\google\guava\guava\19.0\guava-19.0.jar;D:\Environments\Maven\apache-maven-3.9.4\maven_repository\com\sun\jersey\jersey-core\1.19.1\jersey-core-1.19.1.jar;D:\Environments\Maven\apache-maven-3.9.4\maven_repository\com\sun\jersey\contribs\jersey-apache-client4\1.19.1\jersey-apache-client4-1.19.1.jar;D:\Environments\Maven\apache-maven-3.9.4\maven_repository\org\apache\httpcomponents\httpclient\4.5.14\httpclient-4.5.14.jar;D:\Environments\Maven\apache-maven-3.9.4\maven_repository\org\apache\httpcomponents\httpcore\4.4.16\httpcore-4.4.16.jar;D:\Environments\Maven\apache-maven-3.9.4\maven_repository\commons-codec\commons-codec\1.15\commons-codec-1.15.jar;D:\Environments\Maven\apache-maven-3.9.4\maven_repository\commons-configuration\commons-configuration\1.10\commons-configuration-1.10.jar;D:\Environments\Maven\apache-maven-3.9.4\maven_repository\commons-lang\commons-lang\2.6\commons-lang-2.6.jar;D:\Environments\Maven\apache-maven-3.9.4\maven_repository\com\google\inject\guice\4.1.0\guice-4.1.0.jar;D:\Environments\Maven\apache-maven-3.9.4\maven_repository\com\fasterxml\jackson\core\jackson-annotations\2.13.5\jackson-annotations-2.13.5.jar;D:\Environments\Maven\apache-maven-3.9.4\maven_repository\com\fasterxml\jackson\core\jackson-core\2.13.5\jackson-core-2.13.5.jar;D:\Environments\Maven\apache-maven-3.9.4\maven_repository\com\fasterxml\jackson\core\jackson-databind\2.13.5\jackson-databind-2.13.5.jar;D:\Environments\Maven\apache-maven-3.9.4\maven_repository\org\codehaus\jettison\jettison\1.4.0\jettison-1.4.0.jar;D:\Environments\Maven\apache-maven-3.9.4\maven_repository\com\sun\jersey\jersey-servlet\1.19.4\jersey-servlet-1.19.4.jar;D:\Environments\Maven\apache-maven-3.9.4\maven_repository\com\sun\jersey\jersey-server\1.19.4\jersey-server-1.19.4.jar;D:\Environments\Maven\apache-maven-3.9.4\maven_repository\com\sun\jersey\jersey-client\1.19.4\jersey-client-1.19.4.jar;D:\Environments\Maven\apache-maven-3.9.4\maven_repository\com\netflix\eureka\eureka-core\1.10.17\eureka-core-1.10.17.jar;D:\Environments\Maven\apache-maven-3.9.4\maven_repository\com\fasterxml\woodstox\woodstox-core\6.2.1\woodstox-core-6.2.1.jar;D:\Environments\Maven\apache-maven-3.9.4\maven_repository\javax\inject\javax.inject\1\javax.inject-1.jar;D:\Environments\Maven\apache-maven-3.9.4\maven_repository\com\fasterxml\jackson\dataformat\jackson-dataformat-xml\2.13.5\jackson-dataformat-xml-2.13.5.jar;D:\Environments\Maven\apache-maven-3.9.4\maven_repository\org\codehaus\woodstox\stax2-api\4.2.1\stax2-api-4.2.1.jar;D:\Environments\Maven\apache-maven-3.9.4\maven_repository\org\springframework\cloud\spring-cloud-starter-loadbalancer\3.1.7\spring-cloud-starter-loadbalancer-3.1.7.jar;D:\Environments\Maven\apache-maven-3.9.4\maven_repository\org\springframework\cloud\spring-cloud-loadbalancer\3.1.7\spring-cloud-loadbalancer-3.1.7.jar;D:\Environments\Maven\apache-maven-3.9.4\maven_repository\io\projectreactor\reactor-core\3.4.30\reactor-core-3.4.30.jar;D:\Environments\Maven\apache-maven-3.9.4\maven_repository\org\reactivestreams\reactive-streams\1.0.4\reactive-streams-1.0.4.jar;D:\Environments\Maven\apache-maven-3.9.4\maven_repository\io\projectreactor\addons\reactor-extra\3.4.10\reactor-extra-3.4.10.jar;D:\Environments\Maven\apache-maven-3.9.4\maven_repository\org\springframework\boot\spring-boot-starter-cache\2.7.13\spring-boot-starter-cache-2.7.13.jar;D:\Environments\Maven\apache-maven-3.9.4\maven_repository\com\stoyanr\evictor\1.0.0\evictor-1.0.0.jar;D:\Environments\Maven\apache-maven-3.9.4\maven_repository\org\glassfish\jaxb\jaxb-runtime\2.3.8\jaxb-runtime-2.3.8.jar;D:\Environments\Maven\apache-maven-3.9.4\maven_repository\org\glassfish\jaxb\txw2\2.3.8\txw2-2.3.8.jar;D:\Environments\Maven\apache-maven-3.9.4\maven_repository\com\sun\istack\istack-commons-runtime\3.0.12\istack-commons-runtime-3.0.12.jar;D:\Environments\Maven\apache-maven-3.9.4\maven_repository\com\sun\activation\jakarta.activation\1.2.2\jakarta.activation-1.2.2.jar;D:\Environments\Maven\apache-maven-3.9.4\maven_repository\org\springframework\boot\spring-boot-starter-test\2.7.13\spring-boot-starter-test-2.7.13.jar;D:\Environments\Maven\apache-maven-3.9.4\maven_repository\org\springframework\boot\spring-boot-starter\2.7.13\spring-boot-starter-2.7.13.jar;D:\Environments\Maven\apache-maven-3.9.4\maven_repository\org\springframework\boot\spring-boot\2.7.13\spring-boot-2.7.13.jar;D:\Environments\Maven\apache-maven-3.9.4\maven_repository\org\springframework\spring-context\5.3.28\spring-context-5.3.28.jar;D:\Environments\Maven\apache-maven-3.9.4\maven_repository\org\springframework\boot\spring-boot-autoconfigure\2.7.13\spring-boot-autoconfigure-2.7.13.jar;D:\Environments\Maven\apache-maven-3.9.4\maven_repository\org\springframework\boot\spring-boot-starter-logging\2.7.13\spring-boot-starter-logging-2.7.13.jar;D:\Environments\Maven\apache-maven-3.9.4\maven_repository\ch\qos\logback\logback-classic\1.2.12\logback-classic-1.2.12.jar;D:\Environments\Maven\apache-maven-3.9.4\maven_repository\ch\qos\logback\logback-core\1.2.12\logback-core-1.2.12.jar;D:\Environments\Maven\apache-maven-3.9.4\maven_repository\org\apache\logging\log4j\log4j-to-slf4j\2.17.2\log4j-to-slf4j-2.17.2.jar;D:\Environments\Maven\apache-maven-3.9.4\maven_repository\org\apache\logging\log4j\log4j-api\2.17.2\log4j-api-2.17.2.jar;D:\Environments\Maven\apache-maven-3.9.4\maven_repository\org\slf4j\jul-to-slf4j\1.7.36\jul-to-slf4j-1.7.36.jar;D:\Environments\Maven\apache-maven-3.9.4\maven_repository\jakarta\annotation\jakarta.annotation-api\1.3.5\jakarta.annotation-api-1.3.5.jar;D:\Environments\Maven\apache-maven-3.9.4\maven_repository\org\yaml\snakeyaml\1.30\snakeyaml-1.30.jar;D:\Environments\Maven\apache-maven-3.9.4\maven_repository\org\springframework\boot\spring-boot-test\2.7.13\spring-boot-test-2.7.13.jar;D:\Environments\Maven\apache-maven-3.9.4\maven_repository\org\springframework\boot\spring-boot-test-autoconfigure\2.7.13\spring-boot-test-autoconfigure-2.7.13.jar;D:\Environments\Maven\apache-maven-3.9.4\maven_repository\com\jayway\jsonpath\json-path\2.7.0\json-path-2.7.0.jar;D:\Environments\Maven\apache-maven-3.9.4\maven_repository\net\minidev\json-smart\2.4.11\json-smart-2.4.11.jar;D:\Environments\Maven\apache-maven-3.9.4\maven_repository\net\minidev\accessors-smart\2.4.11\accessors-smart-2.4.11.jar;D:\Environments\Maven\apache-maven-3.9.4\maven_repository\org\ow2\asm\asm\9.3\asm-9.3.jar;D:\Environments\Maven\apache-maven-3.9.4\maven_repository\org\slf4j\slf4j-api\1.7.36\slf4j-api-1.7.36.jar;D:\Environments\Maven\apache-maven-3.9.4\maven_repository\jakarta\xml\bind\jakarta.xml.bind-api\2.3.3\jakarta.xml.bind-api-2.3.3.jar;D:\Environments\Maven\apache-maven-3.9.4\maven_repository\jakarta\activation\jakarta.activation-api\1.2.2\jakarta.activation-api-1.2.2.jar;D:\Environments\Maven\apache-maven-3.9.4\maven_repository\org\assertj\assertj-core\3.22.0\assertj-core-3.22.0.jar;D:\Environments\Maven\apache-maven-3.9.4\maven_repository\org\hamcrest\hamcrest\2.2\hamcrest-2.2.jar;D:\Environments\Maven\apache-maven-3.9.4\maven_repository\org\junit\jupiter\junit-jupiter\5.8.2\junit-jupiter-5.8.2.jar;D:\Environments\Maven\apache-maven-3.9.4\maven_repository\org\junit\jupiter\junit-jupiter-api\5.8.2\junit-jupiter-api-5.8.2.jar;D:\Environments\Maven\apache-maven-3.9.4\maven_repository\org\opentest4j\opentest4j\1.2.0\opentest4j-1.2.0.jar;D:\Environments\Maven\apache-maven-3.9.4\maven_repository\org\junit\platform\junit-platform-commons\1.8.2\junit-platform-commons-1.8.2.jar;D:\Environments\Maven\apache-maven-3.9.4\maven_repository\org\apiguardian\apiguardian-api\1.1.2\apiguardian-api-1.1.2.jar;D:\Environments\Maven\apache-maven-3.9.4\maven_repository\org\junit\jupiter\junit-jupiter-params\5.8.2\junit-jupiter-params-5.8.2.jar;D:\Environments\Maven\apache-maven-3.9.4\maven_repository\org\junit\jupiter\junit-jupiter-engine\5.8.2\junit-jupiter-engine-5.8.2.jar;D:\Environments\Maven\apache-maven-3.9.4\maven_repository\org\junit\platform\junit-platform-engine\1.8.2\junit-platform-engine-1.8.2.jar;D:\Environments\Maven\apache-maven-3.9.4\maven_repository\org\mockito\mockito-core\4.5.1\mockito-core-4.5.1.jar;D:\Environments\Maven\apache-maven-3.9.4\maven_repository\net\bytebuddy\byte-buddy\1.12.23\byte-buddy-1.12.23.jar;D:\Environments\Maven\apache-maven-3.9.4\maven_repository\net\bytebuddy\byte-buddy-agent\1.12.23\byte-buddy-agent-1.12.23.jar;D:\Environments\Maven\apache-maven-3.9.4\maven_repository\org\objenesis\objenesis\3.2\objenesis-3.2.jar;D:\Environments\Maven\apache-maven-3.9.4\maven_repository\org\mockito\mockito-junit-jupiter\4.5.1\mockito-junit-jupiter-4.5.1.jar;D:\Environments\Maven\apache-maven-3.9.4\maven_repository\org\skyscreamer\jsonassert\1.5.1\jsonassert-1.5.1.jar;D:\Environments\Maven\apache-maven-3.9.4\maven_repository\com\vaadin\external\google\android-json\0.0.20131108.vaadin1\android-json-0.0.20131108.vaadin1.jar;D:\Environments\Maven\apache-maven-3.9.4\maven_repository\org\springframework\spring-core\5.3.28\spring-core-5.3.28.jar;D:\Environments\Maven\apache-maven-3.9.4\maven_repository\org\springframework\spring-jcl\5.3.28\spring-jcl-5.3.28.jar;D:\Environments\Maven\apache-maven-3.9.4\maven_repository\org\springframework\spring-test\5.3.28\spring-test-5.3.28.jar;D:\Environments\Maven\apache-maven-3.9.4\maven_repository\org\xmlunit\xmlunit-core\2.9.1\xmlunit-core-2.9.1.jar;"/>
    <property name="sun.cpu.endian" value="little"/>
    <property name="user.home" value="C:\Users\王乐岩"/>
    <property name="user.language" value="zh"/>
    <property name="java.specification.vendor" value="Oracle Corporation"/>
    <property name="java.version.date" value="2023-08-24"/>
    <property name="java.home" value="D:\Environments\Java\jdk17"/>
    <property name="file.separator" value="\"/>
    <property name="basedir" value="D:\Workspace\JavaProject\SpringCloud_Learn\eureka\eureka-server"/>
    <property name="java.vm.compressedOopsMode" value="Zero based"/>
    <property name="line.separator" value="&#10;"/>
    <property name="java.vm.specification.vendor" value="Oracle Corporation"/>
    <property name="java.specification.name" value="Java Platform API Specification"/>
    <property name="surefire.real.class.path" value="D:\temp\surefire17581776047758225755\surefirebooter4793501680223508863.jar"/>
    <property name="user.script" value=""/>
    <property name="sun.management.compiler" value="HotSpot 64-Bit Tiered Compilers"/>
    <property name="java.runtime.version" value="17.0.8.1+1-LTS"/>
    <property name="user.name" value="王乐岩"/>
    <property name="path.separator" value=";"/>
    <property name="os.version" value="10.0"/>
    <property name="java.runtime.name" value="OpenJDK Runtime Environment"/>
    <property name="file.encoding" value="GBK"/>
    <property name="java.vm.name" value="OpenJDK 64-Bit Server VM"/>
    <property name="java.vendor.version" value="Zulu17.44+53-CA"/>
    <property name="localRepository" value="D:\Environments\Maven\apache-maven-3.9.4\maven_repository"/>
    <property name="java.vendor.url.bug" value="http://www.azul.com/support/"/>
    <property name="java.io.tmpdir" value="D:\temp\"/>
    <property name="idea.version" value="2023.2.1"/>
    <property name="java.version" value="17.0.8.1"/>
    <property name="user.dir" value="D:\Workspace\JavaProject\SpringCloud_Learn\eureka\eureka-server"/>
    <property name="os.arch" value="amd64"/>
    <property name="java.vm.specification.name" value="Java Virtual Machine Specification"/>
    <property name="sun.os.patch.level" value=""/>
    <property name="native.encoding" value="GBK"/>
    <property name="java.library.path" value="D:\Environments\Java\jdk17\bin;C:\Windows\Sun\Java\bin;C:\Windows\system32;C:\Windows;D:\Environments\CUDA\CUDA_v11.3\Development\bin;D:\Environments\CUDA\CUDA_v11.3\Development\libnvvp;D:\Environments\Python\Python3.8\Scripts\;D:\Environments\Python\Python3.8\;C:\Program Files (x86)\Common Files\Oracle\Java\javapath;C:\Windows\system32;C:\Windows;C:\Windows\System32\Wbem;C:\Windows\System32\WindowsPowerShell\v1.0\;C:\Windows\System32\OpenSSH\;C:\Program Files (x86)\NVIDIA Corporation\PhysX\Common;C:\Program Files\NVIDIA Corporation\NVIDIA NvDLISR;D:\AuxiliaryTools\Bandizip\;D:\DevelopTools\Xshell\Xshell7\;D:\DevelopTools\Xftp\Xftp7\;D:\Environments\Java\jdk1.8\bin;D:\Environments\Nodejs\Nodejs18\Nodejs;D:\Environments\Nodejs\Nodejs18\Nodejs\node_cache;D:\Environments\Nodejs\Nodejs18\Nodejs\node_global;D:\Environments\Maven\apache-maven-3.9.4\bin;D:\DevelopTools\VScode\VScode\Microsoft VS Code\bin;D:\Environments\Mysql\mysql-8.0.34-winx64;D:\Environments\Mysql\mysql-8.0.34-winx64\bin;D:\AuxiliaryTools\Git\Git\cmd;C:\Program Files\NVIDIA Corporation\Nsight Compute 2021.1.0\;C:\Program Files\Docker\Docker\resources\bin;D:\Environments\Go\Go1.21.3\go\bin;D:\Environments\Hugo\hugo_extended_0.119.0_windows-amd64;D:\Environments\Python\Python311;C:\Users\王乐岩\AppData\Roaming\npm;D:\DevelopTools\IntelliJ_IDEA\ideaIU-2023.2.1\IntelliJ IDEA 2023.2.1\bin;;D:\DevelopTools\Goland\goland-2023.2.1\GoLand 2023.2.1\bin;;D:\DevelopTools\Pycharm\pycharm-professional-2023.2.1\PyCharm 2023.2.1\bin;;D:\DevelopTools\WebStorm\WebStorm-2023.2.1\WebStorm 2023.2.1\bin;;."/>
    <property name="java.vm.info" value="mixed mode, sharing"/>
    <property name="java.vendor" value="Azul Systems, Inc."/>
    <property name="java.vm.version" value="17.0.8.1+1-LTS"/>
    <property name="sun.io.unicode.encoding" value="UnicodeLittle"/>
    <property name="maven.repo.local" value="D:\Environments\Maven\apache-maven-3.9.4\maven_repository"/>
    <property name="java.class.version" value="61.0"/>
  </properties>
  <testcase name="contextLoads" classname="com.wly.eurekaserver.EurekaServerApplicationTests" time="0.347"/>
</testsuite>